This is pdfTeX, Version 3.14159265-2.6-1.40.18 (MiKTeX 2.9.6500 64-bit) (preloaded format=pdflatex 2018.2.3)  3 FEB 2018 16:32
entering extended mode
**./project.tex
(project.tex
LaTeX2e <2017-04-15>
Babel <3.15> and hyphenation patterns for 75 language(s) loaded.
("C:\Program Files\MiKTeX 2.9\tex\latex\base\article.cls"
Document Class: article 2014/09/29 v1.4h Standard LaTeX document class
("C:\Program Files\MiKTeX 2.9\tex\latex\base\size10.clo"
File: size10.clo 2014/09/29 v1.4h Standard LaTeX file (size option)
)
\c@part=\count79
\c@section=\count80
\c@subsection=\count81
\c@subsubsection=\count82
\c@paragraph=\count83
\c@subparagraph=\count84
\c@figure=\count85
\c@table=\count86
\abovecaptionskip=\skip41
\belowcaptionskip=\skip42
\bibindent=\dimen102
)
("C:\Program Files\MiKTeX 2.9\tex\latex\hyperref\hyperref.sty"
Package: hyperref 2017/03/14 v6.85a Hypertext links for LaTeX

("C:\Program Files\MiKTeX 2.9\tex\generic\oberdiek\hobsub-hyperref.sty"
Package: hobsub-hyperref 2016/05/16 v1.14 Bundle oberdiek, subset hyperref (HO)


("C:\Program Files\MiKTeX 2.9\tex\generic\oberdiek\hobsub-generic.sty"
Package: hobsub-generic 2016/05/16 v1.14 Bundle oberdiek, subset generic (HO)
Package: hobsub 2016/05/16 v1.14 Construct package bundles (HO)
Package: infwarerr 2016/05/16 v1.4 Providing info/warning/error messages (HO)
Package: ltxcmds 2016/05/16 v1.23 LaTeX kernel commands for general use (HO)
Package: ifluatex 2016/05/16 v1.4 Provides the ifluatex switch (HO)
Package ifluatex Info: LuaTeX not detected.
Package: ifvtex 2016/05/16 v1.6 Detect VTeX and its facilities (HO)
Package ifvtex Info: VTeX not detected.
Package: intcalc 2016/05/16 v1.2 Expandable calculations with integers (HO)
Package: ifpdf 2017/03/15 v3.2 Provides the ifpdf switch
Package: etexcmds 2016/05/16 v1.6 Avoid name clashes with e-TeX commands (HO)
Package etexcmds Info: Could not find \expanded.
(etexcmds)             That can mean that you are not using pdfTeX 1.50 or
(etexcmds)             that some package has redefined \expanded.
(etexcmds)             In the latter case, load this package earlier.
Package: kvsetkeys 2016/05/16 v1.17 Key value parser (HO)
Package: kvdefinekeys 2016/05/16 v1.4 Define keys (HO)
Package: pdftexcmds 2017/03/19 v0.25 Utility functions of pdfTeX for LuaTeX (HO
)
Package pdftexcmds Info: LuaTeX not detected.
Package pdftexcmds Info: \pdf@primitive is available.
Package pdftexcmds Info: \pdf@ifprimitive is available.
Package pdftexcmds Info: \pdfdraftmode found.
Package: pdfescape 2016/05/16 v1.14 Implements pdfTeX's escape features (HO)
Package: bigintcalc 2016/05/16 v1.4 Expandable calculations on big integers (HO
)
Package: bitset 2016/05/16 v1.2 Handle bit-vector datatype (HO)
Package: uniquecounter 2016/05/16 v1.3 Provide unlimited unique counter (HO)
)
Package hobsub Info: Skipping package `hobsub' (already loaded).
Package: letltxmacro 2016/05/16 v1.5 Let assignment for LaTeX macros (HO)
Package: hopatch 2016/05/16 v1.3 Wrapper for package hooks (HO)
Package: xcolor-patch 2016/05/16 xcolor patch
Package: atveryend 2016/05/16 v1.9 Hooks at the very end of document (HO)
Package atveryend Info: \enddocument detected (standard20110627).
Package: atbegshi 2016/06/09 v1.18 At begin shipout hook (HO)
Package: refcount 2016/05/16 v3.5 Data extraction from label references (HO)
Package: hycolor 2016/05/16 v1.8 Color options for hyperref/bookmark (HO)
)
("C:\Program Files\MiKTeX 2.9\tex\latex\graphics\keyval.sty"
Package: keyval 2014/10/28 v1.15 key=value parser (DPC)
\KV@toks@=\toks14
)
("C:\Program Files\MiKTeX 2.9\tex\generic\ifxetex\ifxetex.sty"
Package: ifxetex 2010/09/12 v0.6 Provides ifxetex conditional
)
("C:\Program Files\MiKTeX 2.9\tex\latex\oberdiek\auxhook.sty"
Package: auxhook 2016/05/16 v1.4 Hooks for auxiliary files (HO)
)
("C:\Program Files\MiKTeX 2.9\tex\latex\oberdiek\kvoptions.sty"
Package: kvoptions 2016/05/16 v3.12 Key value format for package options (HO)
)
\@linkdim=\dimen103
\Hy@linkcounter=\count87
\Hy@pagecounter=\count88

("C:\Program Files\MiKTeX 2.9\tex\latex\hyperref\pd1enc.def"
File: pd1enc.def 2017/03/14 v6.85a Hyperref: PDFDocEncoding definition (HO)
)
\Hy@SavedSpaceFactor=\count89

("C:\Program Files\MiKTeX 2.9\tex\latex\00miktex\hyperref.cfg"
File: hyperref.cfg 2002/06/06 v1.2 hyperref configuration of TeXLive
)
Package hyperref Info: Hyper figures OFF on input line 4498.
Package hyperref Info: Link nesting OFF on input line 4503.
Package hyperref Info: Hyper index ON on input line 4506.
Package hyperref Info: Plain pages OFF on input line 4513.
Package hyperref Info: Backreferencing OFF on input line 4518.
Package hyperref Info: Implicit mode ON; LaTeX internals redefined.
Package hyperref Info: Bookmarks ON on input line 4751.
\c@Hy@tempcnt=\count90

("C:\Program Files\MiKTeX 2.9\tex\latex\url\url.sty"
\Urlmuskip=\muskip10
Package: url 2013/09/16  ver 3.4  Verb mode for urls, etc.
)
LaTeX Info: Redefining \url on input line 5104.
\XeTeXLinkMargin=\dimen104
\Fld@menulength=\count91
\Field@Width=\dimen105
\Fld@charsize=\dimen106
Package hyperref Info: Hyper figures OFF on input line 6358.
Package hyperref Info: Link nesting OFF on input line 6363.
Package hyperref Info: Hyper index ON on input line 6366.
Package hyperref Info: backreferencing OFF on input line 6373.
Package hyperref Info: Link coloring OFF on input line 6378.
Package hyperref Info: Link coloring with OCG OFF on input line 6383.
Package hyperref Info: PDF/A mode OFF on input line 6388.
LaTeX Info: Redefining \ref on input line 6428.
LaTeX Info: Redefining \pageref on input line 6432.
\Hy@abspage=\count92
\c@Item=\count93
\c@Hfootnote=\count94
)

Package hyperref Message: Driver (autodetected): hpdftex.

("C:\Program Files\MiKTeX 2.9\tex\latex\hyperref\hpdftex.def"
File: hpdftex.def 2017/03/14 v6.85a Hyperref driver for pdfTeX
\Fld@listcount=\count95
\c@bookmark@seq@number=\count96

("C:\Program Files\MiKTeX 2.9\tex\latex\oberdiek\rerunfilecheck.sty"
Package: rerunfilecheck 2016/05/16 v1.8 Rerun checks for auxiliary files (HO)
Package uniquecounter Info: New unique counter `rerunfilecheck' on input line 2
82.
)
\Hy@SectionHShift=\skip43
)
("C:\Program Files\MiKTeX 2.9\tex\latex\cite\cite.sty"
LaTeX Info: Redefining \cite on input line 302.
LaTeX Info: Redefining \nocite on input line 332.
Package: cite 2015/02/27  v 5.5
)
("C:\Program Files\MiKTeX 2.9\tex\latex\listings\listings.sty"
\lst@mode=\count97
\lst@gtempboxa=\box26
\lst@token=\toks15
\lst@length=\count98
\lst@currlwidth=\dimen107
\lst@column=\count99
\lst@pos=\count100
\lst@lostspace=\dimen108
\lst@width=\dimen109
\lst@newlines=\count101
\lst@lineno=\count102
\lst@maxwidth=\dimen110

("C:\Program Files\MiKTeX 2.9\tex\latex\listings\lstmisc.sty"
File: lstmisc.sty 2015/06/04 1.6 (Carsten Heinz)
\c@lstnumber=\count103
\lst@skipnumbers=\count104
\lst@framebox=\box27
)
("C:\Program Files\MiKTeX 2.9\tex\latex\listings\listings.cfg"
File: listings.cfg 2015/06/04 1.6 listings configuration
))
Package: listings 2015/06/04 1.6 (Carsten Heinz)

("C:\Program Files\MiKTeX 2.9\tex\latex\graphics\graphicx.sty"
Package: graphicx 2017/06/01 v1.1a Enhanced LaTeX Graphics (DPC,SPQR)

("C:\Program Files\MiKTeX 2.9\tex\latex\graphics\graphics.sty"
Package: graphics 2017/06/25 v1.2c Standard LaTeX Graphics (DPC,SPQR)

("C:\Program Files\MiKTeX 2.9\tex\latex\graphics\trig.sty"
Package: trig 2016/01/03 v1.10 sin cos tan (DPC)
)
("C:\Program Files\MiKTeX 2.9\tex\latex\graphics-cfg\graphics.cfg"
File: graphics.cfg 2016/06/04 v1.11 sample graphics configuration
)
Package graphics Info: Driver file: pdftex.def on input line 99.

("C:\Program Files\MiKTeX 2.9\tex\latex\graphics-def\pdftex.def"
File: pdftex.def 2017/06/24 v1.0g Graphics/color driver for pdftex
))
\Gin@req@height=\dimen111
\Gin@req@width=\dimen112
)
(project.aux)
\openout1 = `project.aux'.

LaTeX Font Info:    Checking defaults for OML/cmm/m/it on input line 8.
LaTeX Font Info:    ... okay on input line 8.
LaTeX Font Info:    Checking defaults for T1/cmr/m/n on input line 8.
LaTeX Font Info:    ... okay on input line 8.
LaTeX Font Info:    Checking defaults for OT1/cmr/m/n on input line 8.
LaTeX Font Info:    ... okay on input line 8.
LaTeX Font Info:    Checking defaults for OMS/cmsy/m/n on input line 8.
LaTeX Font Info:    ... okay on input line 8.
LaTeX Font Info:    Checking defaults for OMX/cmex/m/n on input line 8.
LaTeX Font Info:    ... okay on input line 8.
LaTeX Font Info:    Checking defaults for U/cmr/m/n on input line 8.
LaTeX Font Info:    ... okay on input line 8.
LaTeX Font Info:    Checking defaults for PD1/pdf/m/n on input line 8.
LaTeX Font Info:    ... okay on input line 8.
\AtBeginShipoutBox=\box28
Package hyperref Info: Link coloring OFF on input line 8.
 ("C:\Program Files\MiKTeX 2.9\tex\latex\hyperref\nameref.sty"
Package: nameref 2016/05/21 v2.44 Cross-referencing by name of section

("C:\Program Files\MiKTeX 2.9\tex\generic\oberdiek\gettitlestring.sty"
Package: gettitlestring 2016/05/16 v1.5 Cleanup title references (HO)
)
\c@section@level=\count105
)
LaTeX Info: Redefining \ref on input line 8.
LaTeX Info: Redefining \pageref on input line 8.
LaTeX Info: Redefining \nameref on input line 8.

(project.out) (project.out)
\@outlinefile=\write3
\openout3 = `project.out'.

\c@lstlisting=\count106

("C:\Program Files\MiKTeX 2.9\tex\context\base\supp-pdf.mkii"
[Loading MPS to PDF converter (version 2006.09.02).]
\scratchcounter=\count107
\scratchdimen=\dimen113
\scratchbox=\box29
\nofMPsegments=\count108
\nofMParguments=\count109
\everyMPshowfont=\toks16
\MPscratchCnt=\count110
\MPscratchDim=\dimen114
\MPnumerator=\count111
\makeMPintoPDFobject=\count112
\everyMPtoPDFconversion=\toks17
) ("C:\Program Files\MiKTeX 2.9\tex\latex\oberdiek\epstopdf-base.sty"
Package: epstopdf-base 2016/05/15 v2.6 Base part for package epstopdf

("C:\Program Files\MiKTeX 2.9\tex\latex\oberdiek\grfext.sty"
Package: grfext 2016/05/16 v1.2 Manage graphics extensions (HO)
)
Package epstopdf-base Info: Redefining graphics rule for `.eps' on input line 4
38.
Package grfext Info: Graphics extension search list:
(grfext)             [.pdf,.png,.jpg,.mps,.jpeg,.jbig2,.jb2,.PDF,.PNG,.JPG,.JPE
G,.JBIG2,.JB2,.eps]
(grfext)             \AppendGraphicsExtensions on input line 456.
)
LaTeX Font Info:    External font `cmex10' loaded for size
(Font)              <12> on input line 13.
LaTeX Font Info:    External font `cmex10' loaded for size
(Font)              <8> on input line 13.
LaTeX Font Info:    External font `cmex10' loaded for size
(Font)              <6> on input line 13.
 [1

{C:/Users/Matthew/AppData/Local/MiKTeX/2.9/pdftex/config/pdftex.map}]
Missing character: There is no â in font cmbx10!
Missing character: There is no € in font cmbx10!
Missing character: There is no ¢ in font cmbx10!


LaTeX Warning: Citation `kaggle' on page 2 undefined on input line 20.


LaTeX Warning: Citation `c-core' on page 2 undefined on input line 20.


LaTeX Warning: Citation `bentes' on page 2 undefined on input line 20.


LaTeX Warning: Citation `radarsat-mode-selection' on page 2 undefined on input 
line 22.


LaTeX Warning: Citation `yu' on page 2 undefined on input line 22.


Overfull \hbox (30.00067pt too wide) in paragraph at lines 22--23
[]\OT1/cmr/m/n/10 The radar takes two im-ages, with dif-fer-ent po-lar-i-sa-tio
ns, Horizontal-Horizontal(HH)
 []


LaTeX Warning: Citation `unctad' on page 2 undefined on input line 27.

[2]

LaTeX Warning: Citation `logloss' on page 3 undefined on input line 30.

LaTeX Font Info:    External font `cmex10' loaded for size
(Font)              <7> on input line 31.
LaTeX Font Info:    External font `cmex10' loaded for size
(Font)              <5> on input line 31.
LaTeX Font Info:    Try loading font information for OMS+cmr on input line 41.
("C:\Program Files\MiKTeX 2.9\tex\latex\base\omscmr.fd"
File: omscmr.fd 2014/09/29 v2.5h Standard LaTeX font definitions
)
LaTeX Font Info:    Font shape `OMS/cmr/m/n' in size <10> not available
(Font)              Font shape `OMS/cmsy/m/n' tried instead on input line 41.
 [3]

LaTeX Warning: Citation `radarsat-mode-selection' on page 4 undefined on input 
line 49.


LaTeX Warning: Citation `yu' on page 4 undefined on input line 49.


LaTeX Warning: Citation `radarsat-mode-selection' on page 4 undefined on input 
line 51.

<latex_images/ship-iceberg.png, id=107, 2230.3325pt x 869.2475pt>
File: latex_images/ship-iceberg.png Graphic file (type png)
<use latex_images/ship-iceberg.png>
Package pdftex.def Info: latex_images/ship-iceberg.png  used on input line 59. 
on input line 59.
Package pdftex.def Info: Requested size: 278.79088pt x 108.65567pt on input lin
e 59.

LaTeX Warning: Citation `kaggle' on page 4 undefined on input line 61.


LaTeX Warning: Citation `z-score' on page 4 undefined on input line 64.

Package hyperref Info: bookmark level for unknown lstlisting defaults to 0 on i
nput line 65.

Overfull \hbox (78.94707pt too wide) in paragraph at lines 67--68
[][][][][][][][][][][][][][][][][][][][][][][][][][][][][][][][] 
 []

[4 <./latex_images/ship-iceberg.png>]
<latex_images/heatmap-iceberg-band-1.png, id=118, 255.95625pt x 252.945pt>
File: latex_images/heatmap-iceberg-band-1.png Graphic file (type png)
<use latex_images/heatmap-iceberg-band-1.png>
Package pdftex.def Info: latex_images/heatmap-iceberg-band-1.png  used on input
 line 81. on input line 81.
Package pdftex.def Info: Requested size: 84.46582pt x 83.4721pt on input line 8
1.
<latex_images/heatmap-iceberg-band-2.png, id=120, 255.95625pt x 252.945pt>
File: latex_images/heatmap-iceberg-band-2.png Graphic file (type png)
<use latex_images/heatmap-iceberg-band-2.png>
Package pdftex.def Info: latex_images/heatmap-iceberg-band-2.png  used on input
 line 82. on input line 82.
Package pdftex.def Info: Requested size: 84.46582pt x 83.4721pt on input line 8
2.
<latex_images/heatmap-iceberg-band3-avg.png, id=121, 255.95625pt x 252.945pt>
File: latex_images/heatmap-iceberg-band3-avg.png Graphic file (type png)
<use latex_images/heatmap-iceberg-band3-avg.png>
Package pdftex.def Info: latex_images/heatmap-iceberg-band3-avg.png  used on in
put line 83. on input line 83.
Package pdftex.def Info: Requested size: 84.46582pt x 83.4721pt on input line 8
3.
<latex_images/heatmap-ship-band-1.png, id=122, 255.95625pt x 252.945pt>
File: latex_images/heatmap-ship-band-1.png Graphic file (type png)
<use latex_images/heatmap-ship-band-1.png>
Package pdftex.def Info: latex_images/heatmap-ship-band-1.png  used on input li
ne 87. on input line 87.
Package pdftex.def Info: Requested size: 84.46582pt x 83.4721pt on input line 8
7.
<latex_images/heatmap-ship-band-2.png, id=123, 255.95625pt x 252.945pt>
File: latex_images/heatmap-ship-band-2.png Graphic file (type png)
<use latex_images/heatmap-ship-band-2.png>
Package pdftex.def Info: latex_images/heatmap-ship-band-2.png  used on input li
ne 88. on input line 88.
Package pdftex.def Info: Requested size: 84.46582pt x 83.4721pt on input line 8
8.
<latex_images/heatmap-ship-band3-avg.png, id=124, 255.95625pt x 252.945pt>
File: latex_images/heatmap-ship-band3-avg.png Graphic file (type png)
<use latex_images/heatmap-ship-band3-avg.png>
Package pdftex.def Info: latex_images/heatmap-ship-band3-avg.png  used on input
 line 89. on input line 89.
Package pdftex.def Info: Requested size: 84.46582pt x 83.4721pt on input line 8
9.


LaTeX Warning: Citation `keras-layers' on page 5 undefined on input line 95.

[5 <./latex_images/heatmap-iceberg-band-1.png> <./latex_images/heatmap-iceberg-
band-2.png> <./latex_images/heatmap-iceberg-band3-avg.png> <./latex_images/heat
map-ship-band-1.png> <./latex_images/heatmap-ship-band-2.png> <./latex_images/h
eatmap-ship-band3-avg.png>]

LaTeX Warning: Citation `kaggle' on page 6 undefined on input line 108.


LaTeX Warning: Citation `bentes' on page 6 undefined on input line 109.

[6]
Overfull \hbox (16.47066pt too wide) in paragraph at lines 116--117
[][][][][][][][][][][][][][][][][][][][] 
 []


Overfull \hbox (43.24626pt too wide) in paragraph at lines 128--129
[][][][][][][][][][][][][][][][][][][][][][][][][][][][][] 
 []


Overfull \hbox (43.24626pt too wide) in paragraph at lines 129--131
[][][][][][][][][][][][][][][][][][][][][][][][][][][][][] 
 []


LaTeX Warning: Citation `angle-inject-kernel' on page 7 undefined on input line
 137.

[7]

LaTeX Warning: Citation `angle-inject-kernel' on page 8 undefined on input line
 156.


Overfull \hbox (83.40967pt too wide) in paragraph at lines 163--164
[][][][][][][][][][][][][][][][][][][][][][][][][][] 
 []


Overfull \hbox (128.03568pt too wide) in paragraph at lines 164--165
[][][][][][][][][][][][][][][][][][][][][][][][][][][][][][][][][][][][][][][][
][][][][] 
 []


Overfull \hbox (47.70886pt too wide) in paragraph at lines 169--170
[][][][][][][][][][][][][][][][][][][][][][] 
 []


Overfull \hbox (47.70886pt too wide) in paragraph at lines 171--172
[][][][][][][][][][][][][][][][][][][][][][] 
 []


Overfull \hbox (25.39586pt too wide) in paragraph at lines 172--174
[][][][][][][][][][][][][][][][][][][][][] 
 []


Overfull \hbox (16.47066pt too wide) in paragraph at lines 174--175
[][][][][][][][][][][][][][][][][][][][][][][][][] 
 []


Overfull \hbox (25.39586pt too wide) in paragraph at lines 175--176
[][][][][][][][][][][][][][][][][][][][] 
 []

[8]

LaTeX Warning: Citation `ruder2016overview' on page 9 undefined on input line 1
95.


LaTeX Warning: Citation `ruder2016overview' on page 9 undefined on input line 1
95.

[9] [10]
<latex_images/accuracy-chart.png, id=214, 1100.11pt x 679.53876pt>
File: latex_images/accuracy-chart.png Graphic file (type png)
<use latex_images/accuracy-chart.png>
Package pdftex.def Info: latex_images/accuracy-chart.png  used on input line 21
6. on input line 216.
Package pdftex.def Info: Requested size: 275.02682pt x 169.88428pt on input lin
e 216.
 [11 <./latex_images/accuracy-chart.png (PNG copy)>] (project.bbl
Underfull \hbox (badness 10000) in paragraph at lines 22--26
[]\OT1/cmr/m/n/10 Kaggle.com.  []$\OT1/cmtt/m/n/10 "https : / / www . kaggle . 
com / c /
 []


Underfull \hbox (badness 1360) in paragraph at lines 28--31
[]\OT1/cmr/m/n/10 Kaggle.com.  []$\OT1/cmtt/m/n/10 "https : / / www . kaggle . 
com / wiki / LogLoss"$[]\OT1/cmr/m/n/10 .  Ac-cessed:
 []


Underfull \hbox (badness 10000) in paragraph at lines 33--37
[]\OT1/cmr/m/n/10 Kaggle.com.  []$\OT1/cmtt/m/n/10 "https : / / www . kaggle . 
com / devm2024 /
 []


Underfull \hbox (badness 5802) in paragraph at lines 33--37
\OT1/cmtt/m/n/10 transfer-[]learning-[]with-[]vgg-[]16-[]cnn-[]aug-[]lb-[]0-[]1
712"$[]\OT1/cmr/m/n/10 .  Ac-cessed:
 []

)
Package atveryend Info: Empty hook `BeforeClearDocument' on input line 229.
 [12]
Package atveryend Info: Empty hook `AfterLastShipout' on input line 229.
 (project.aux)
Package atveryend Info: Executing hook `AtVeryEndDocument' on input line 229.
Package atveryend Info: Executing hook `AtEndAfterFileList' on input line 229.
Package rerunfilecheck Info: File `project.out' has not changed.
(rerunfilecheck)             Checksum: EF11BF60A1528793272CBF88D036908E;1251.


LaTeX Warning: There were undefined references.


LaTeX Warning: Label(s) may have changed. Rerun to get cross-references right.

Package atveryend Info: Empty hook `AtVeryVeryEnd' on input line 229.
 ) 
Here is how much of TeX's memory you used:
 6474 strings out of 493312
 96672 string characters out of 3138894
 196516 words of memory out of 3000000
 9873 multiletter control sequences out of 15000+200000
 8577 words of font info for 31 fonts, out of 3000000 for 9000
 1141 hyphenation exceptions out of 8191
 28i,6n,32p,1285b,1626s stack positions out of 5000i,500n,10000p,200000b,50000s
<C:/Program Files/MiKTeX 2.9/fonts/type1/public/amsfonts/cm/cmbx10.pfb><C:/Pr
ogram Files/MiKTeX 2.9/fonts/type1/public/amsfonts/cm/cmbx12.pfb><C:/Program Fi
les/MiKTeX 2.9/fonts/type1/public/amsfonts/cm/cmex10.pfb><C:/Program Files/MiKT
eX 2.9/fonts/type1/public/amsfonts/cm/cmmi10.pfb><C:/Program Files/MiKTeX 2.9/f
onts/type1/public/amsfonts/cm/cmmi7.pfb><C:/Program Files/MiKTeX 2.9/fonts/type
1/public/amsfonts/cm/cmr10.pfb><C:/Program Files/MiKTeX 2.9/fonts/type1/public/
amsfonts/cm/cmr12.pfb><C:/Program Files/MiKTeX 2.9/fonts/type1/public/amsfonts/
cm/cmr17.pfb><C:/Program Files/MiKTeX 2.9/fonts/type1/public/amsfonts/cm/cmr7.p
fb><C:/Program Files/MiKTeX 2.9/fonts/type1/public/amsfonts/cm/cmsy10.pfb><C:/P
rogram Files/MiKTeX 2.9/fonts/type1/public/amsfonts/cm/cmti10.pfb><C:/Program F
iles/MiKTeX 2.9/fonts/type1/public/amsfonts/cm/cmtt10.pfb><C:/Program Files/MiK
TeX 2.9/fonts/type1/public/amsfonts/cm/cmtt8.pfb>
Output written on project.pdf (12 pages, 1973207 bytes).
PDF statistics:
 311 PDF objects out of 1000 (max. 8388607)
 108 named destinations out of 1000 (max. 500000)
 201 words of extra memory for PDF output out of 10000 (max. 10000000)

